<?xml version="1.0" encoding="UTF-8"?>
<!-- Generated by org.testng.reporters.JUnitReportReporter -->
<testsuite skipped="0" hostname="TYSS-4F-77" name="TestScripts.test_scenario11" tests="1" failures="0" timestamp="2019-11-04T17:40:43 IST" time="14.971" errors="0">
  <testcase name="test_offers" time="14.971" classname="TestScripts.test_scenario11"/>
</testsuite> <!-- TestScripts.test_scenario11 -->
