<?xml version="1.0" encoding="UTF-8"?>
<!-- Generated by org.testng.reporters.JUnitReportReporter -->
<testsuite skipped="0" hostname="TYSS-4F-77" name="TestScripts.test_14" tests="1" failures="0" timestamp="2019-11-05T10:01:42 IST" time="18.234" errors="0">
  <testcase name="select_coins" time="18.234" classname="TestScripts.test_14"/>
</testsuite> <!-- TestScripts.test_14 -->
