<?xml version="1.0" encoding="UTF-8"?>
<!-- Generated by org.testng.reporters.JUnitReportReporter -->
<testsuite skipped="0" hostname="TYSS-4F-77" name="TestScripts.test_20" tests="1" failures="0" timestamp="2019-11-05T10:30:29 IST" time="18.411" errors="0">
  <testcase name="select_coins" time="18.411" classname="TestScripts.test_20"/>
</testsuite> <!-- TestScripts.test_20 -->
