<?xml version="1.0" encoding="UTF-8"?>
<!-- Generated by org.testng.reporters.JUnitReportReporter -->
<testsuite skipped="0" hostname="TYSS-4F-77" name="TestScripts.test_18" tests="1" failures="0" timestamp="2019-11-05T16:05:21 IST" time="16.029" errors="0">
  <testcase name="select_coins" time="16.029" classname="TestScripts.test_18"/>
</testsuite> <!-- TestScripts.test_18 -->
