<?xml version="1.0" encoding="UTF-8"?>
<!-- Generated by org.testng.reporters.JUnitReportReporter -->
<testsuite skipped="0" hostname="TYSS-4F-77" name="TestScripts.test_25" tests="1" failures="0" timestamp="2019-11-05T15:38:09 IST" time="26.705" errors="0">
  <testcase name="select_coins" time="26.705" classname="TestScripts.test_25"/>
</testsuite> <!-- TestScripts.test_25 -->
