<?xml version="1.0" encoding="UTF-8"?>
<!-- Generated by org.testng.reporters.JUnitReportReporter -->
<testsuite skipped="0" hostname="TYSS-4F-77" name="TestScripts.Scenario_8$Kada_Jewe" tests="1" failures="0" timestamp="2019-11-04T17:07:26 IST" time="27.424" errors="0">
  <testcase name="Test_script7" time="27.424" classname="TestScripts.Scenario_8$Kada_Jewe"/>
</testsuite> <!-- TestScripts.Scenario_8$Kada_Jewe -->
