<?xml version="1.0" encoding="UTF-8"?>
<!-- Generated by org.testng.reporters.JUnitReportReporter -->
<testsuite skipped="0" hostname="TYSS-4F-77" name="TestScripts.test_23" tests="1" failures="0" timestamp="2019-11-05T12:02:20 IST" time="25.847" errors="0">
  <testcase name="select_coins" time="25.847" classname="TestScripts.test_23"/>
</testsuite> <!-- TestScripts.test_23 -->
