<?xml version="1.0" encoding="UTF-8"?>
<!-- Generated by org.testng.reporters.JUnitReportReporter -->
<testsuite skipped="0" hostname="TYSS-4F-77" name="TestScripts.Kada_Jewel" tests="1" failures="0" timestamp="2019-11-04T16:17:03 IST" time="22.517" errors="0">
  <testcase name="Test_script7" time="22.517" classname="TestScripts.Kada_Jewel"/>
</testsuite> <!-- TestScripts.Kada_Jewel -->
