<?xml version="1.0" encoding="UTF-8"?>
<!-- Generated by org.testng.reporters.JUnitReportReporter -->
<testsuite skipped="0" hostname="TYSS-4F-77" name="TestScripts.test_22" tests="1" failures="0" timestamp="2019-11-05T12:04:48 IST" time="25.990" errors="0">
  <testcase name="select_coins" time="25.990" classname="TestScripts.test_22"/>
</testsuite> <!-- TestScripts.test_22 -->
