<?xml version="1.0" encoding="UTF-8"?>
<!-- Generated by org.testng.reporters.JUnitReportReporter -->
<testsuite skipped="0" hostname="TYSS-4F-77" name="TestScripts.test_17" tests="1" failures="0" timestamp="2019-11-05T10:13:29 IST" time="19.472" errors="0">
  <testcase name="select_coins" time="19.472" classname="TestScripts.test_17"/>
</testsuite> <!-- TestScripts.test_17 -->
